
=== Thu Jul 20 01:40:18 2023

Packages were changed.
Update Mode: updateDependencies

The following packages were updated:
  com.unity.2d.animation from version 5.1.0 to 7.0.11
  com.unity.2d.pixel-perfect from version 4.0.1 to 5.0.3
  com.unity.2d.psdimporter from version 4.2.0 to 6.0.7
  com.unity.2d.spriteshape from version 5.2.0 to 7.0.7
  com.unity.collab-proxy from version 1.15.12 to 2.0.5
  com.unity.ide.rider from version 2.0.7 to 3.0.24
  com.unity.ide.visualstudio from version 2.0.14 to 2.0.18
  com.unity.ide.vscode from version 1.2.4 to 1.2.5
  com.unity.nuget.newtonsoft-json from version 3.1.0 to 3.2.1
  com.unity.test-framework from version 1.1.29 to 1.1.33
  com.unity.timeline from version 1.4.8 to 1.6.5
  com.unity.ui.builder from version 1.0.0-preview.18 to 2.0.0

=== Thu Oct 19 19:08:24 2023

Packages were changed.
Update Mode: updateDependencies

The following packages were added:
  com.unity.ai.navigation@1.1.5
The following packages were updated:
  com.unity.2d.animation from version 7.0.11 to 10.0.3
  com.unity.2d.psdimporter from version 6.0.7 to 9.0.1
  com.unity.2d.spriteshape from version 7.0.7 to 10.0.2
  com.unity.collab-proxy from version 2.0.5 to 2.1.0
  com.unity.ide.rider from version 3.0.24 to 3.0.25
  com.unity.ide.visualstudio from version 2.0.18 to 2.0.21
  com.unity.test-framework from version 1.1.33 to 1.3.9
  com.unity.timeline from version 1.6.5 to 1.8.2

=== Thu Oct 19 22:55:04 2023

Packages were changed.
Update Mode: resetToDefaultDependencies

The following packages were added:
  com.unity.collab-proxy@2.0.5
  com.unity.ide.rider@3.0.24
  com.unity.ide.visualstudio@2.0.18
  com.unity.ide.vscode@1.2.5
  com.unity.modules.ai@1.0.0
  com.unity.modules.androidjni@1.0.0
  com.unity.modules.animation@1.0.0
  com.unity.modules.assetbundle@1.0.0
  com.unity.modules.audio@1.0.0
  com.unity.modules.cloth@1.0.0
  com.unity.modules.director@1.0.0
  com.unity.modules.imageconversion@1.0.0
  com.unity.modules.imgui@1.0.0
  com.unity.modules.jsonserialize@1.0.0
  com.unity.modules.particlesystem@1.0.0
  com.unity.modules.physics@1.0.0
  com.unity.modules.physics2d@1.0.0
  com.unity.modules.screencapture@1.0.0
  com.unity.modules.terrain@1.0.0
  com.unity.modules.terrainphysics@1.0.0
  com.unity.modules.tilemap@1.0.0
  com.unity.modules.ui@1.0.0
  com.unity.modules.uielements@1.0.0
  com.unity.modules.umbra@1.0.0
  com.unity.modules.unityanalytics@1.0.0
  com.unity.modules.unitywebrequest@1.0.0
  com.unity.modules.unitywebrequestassetbundle@1.0.0
  com.unity.modules.unitywebrequestaudio@1.0.0
  com.unity.modules.unitywebrequesttexture@1.0.0
  com.unity.modules.unitywebrequestwww@1.0.0
  com.unity.modules.vehicles@1.0.0
  com.unity.modules.video@1.0.0
  com.unity.modules.vr@1.0.0
  com.unity.modules.wind@1.0.0
  com.unity.modules.xr@1.0.0
  com.unity.test-framework@1.1.33
  com.unity.textmeshpro@3.0.6
  com.unity.timeline@1.6.5
  com.unity.ugui@1.0.0
  com.unity.visualscripting@1.8.0
